<?xml version="1.0" encoding="UTF-8" ?>
<testsuite errors="0" failures="0" hostname="cart38" name="eu.cartsc.fermate.db.test.OperatoreDAOTest" tests="1" time="1.985" timestamp="2013-01-10T14:46:30">
  <properties>
    <property name="java.vendor" value="Sun Microsystems Inc."></property>
    <property name="php" value=""></property>
    <property name="redmine.url" value="jdbc:mysql://server06:3306/redmine_default"></property>
    <property name="suffix.server008" value=""></property>
    <property name="sun.java.launcher" value="SUN_STANDARD"></property>
    <property name="sun.management.compiler" value="HotSpot 64-Bit Tiered Compilers"></property>
    <property name="tomcat.username.server008" value="admin"></property>
    <property name="os.name" value="Linux"></property>
    <property name="sun.boot.class.path" value="/usr/lib/jvm/java-6-sun-1.6.0.37/jre/lib/resources.jar:/usr/lib/jvm/java-6-sun-1.6.0.37/jre/lib/rt.jar:/usr/lib/jvm/java-6-sun-1.6.0.37/jre/lib/sunrsasign.jar:/usr/lib/jvm/java-6-sun-1.6.0.37/jre/lib/jsse.jar:/usr/lib/jvm/java-6-sun-1.6.0.37/jre/lib/jce.jar:/usr/lib/jvm/java-6-sun-1.6.0.37/jre/lib/charsets.jar:/usr/lib/jvm/java-6-sun-1.6.0.37/jre/lib/modules/jdk.boot.jar:/usr/lib/jvm/java-6-sun-1.6.0.37/jre/classes"></property>
    <property name="redmine.id" value="redmine"></property>
    <property name="sun.desktop" value="gnome"></property>
    <property name="java.vm.specification.vendor" value="Sun Microsystems Inc."></property>
    <property name="suffix." value=""></property>
    <property name="ant.home" value="/usr/local/apache-ant-1.8.4"></property>
    <property name="java.runtime.version" value="1.6.0_37-b06"></property>
    <property name="javasource" value="src"></property>
    <property name="excludejs" value=""></property>
    <property name="ant.file.catalina-tasks" value="/usr/local/tomcat/bin/catalina-tasks.xml"></property>
    <property name="user.name" value="matteo"></property>
    <property name="ant.file.type.catalina-tasks" value="file"></property>
    <property name="tomcat.password.server008" value="cv56py"></property>
    <property name="user.language" value="it"></property>
    <property name="catalina.home.bin.dir" value="/usr/local/tomcat/bin"></property>
    <property name="sun.boot.library.path" value="/usr/lib/jvm/java-6-sun-1.6.0.37/jre/lib/amd64"></property>
    <property name="ant.project.default-target" value="deploy"></property>
    <property name="ant.project.name" value="tsp"></property>
    <property name="java.version" value="1.6.0_37"></property>
    <property name="lib.home" value="/archivio/deploy/lib"></property>
    <property name="user.timezone" value=""></property>
    <property name="sun.arch.data.model" value="64"></property>
    <property name="depen" value="eu.cartsc.fermate.db"></property>
    <property name="java.endorsed.dirs" value="/usr/lib/jvm/java-6-sun-1.6.0.37/jre/lib/endorsed"></property>
    <property name="tomcat.url" value="http://server06:8081"></property>
    <property name="sun.cpu.isalist" value=""></property>
    <property name="ant.file.mdeploy" value="/home/matteo/opt/wspaceJuno/eu.cartsc.fermate.web/deploy/Mdeploy.xml"></property>
    <property name="sun.jnu.encoding" value="UTF-8"></property>
    <property name="file.encoding.pkg" value="sun.io"></property>
    <property name="deploydir" value="deploy"></property>
    <property name="file.separator" value="/"></property>
    <property name="java.specification.name" value="Java Platform API Specification"></property>
    <property name="java.class.version" value="50.0"></property>
    <property name="tomcat.password" value="cv56py"></property>
    <property name="user.country" value="IT"></property>
    <property name="java.home" value="/usr/lib/jvm/java-6-sun-1.6.0.37/jre"></property>
    <property name="java.vm.info" value="mixed mode"></property>
    <property name="ant.file" value="/home/matteo/opt/wspaceJuno/eu.cartsc.fermate.db/deploy/deploy.xml"></property>
    <property name="os.version" value="3.5.0-21-generic"></property>
    <property name="web.folder" value="."></property>
    <property name="deploy" value=""></property>
    <property name="path.separator" value=":"></property>
    <property name="java.vm.version" value="20.12-b01"></property>
    <property name="tomcat.username.test" value="admin"></property>
    <property name="ant.file.tsp" value="/home/matteo/opt/wspaceJuno/eu.cartsc.fermate.db/deploy/deploy.xml"></property>
    <property name="ant.library.dir" value="/usr/local/apache-ant-1.8.4/lib"></property>
    <property name="ref" value="../../eu.cartsc.fermate.db/"></property>
    <property name="junit.output.dir" value="junit"></property>
    <property name="tomcat.url.server008" value="http://server008:8081"></property>
    <property name="java.awt.printerjob" value="sun.print.PSPrinterJob"></property>
    <property name="nomeprogetto" value="fermate.db"></property>
    <property name="sun.io.unicode.encoding" value="UnicodeLittle"></property>
    <property name="paramlib.server008" value="fermate.adapter.jar"></property>
    <property name="dipendenze" value="log*.jar mysql-*.jar **/hibernate1.1/**/**.jar **/slf4j1.1/**/**.jar,**/commons/**/**.jar"></property>
    <property name="suffix.test" value=".test"></property>
    <property name="javaproject" value=""></property>
    <property name="tomcat.username" value="admin"></property>
    <property name="lib.folder" value="lib"></property>
    <property name="user.home" value="/home/matteo"></property>
    <property name="target" value="1.5"></property>
    <property name="tomcat.url.test" value="http://server008:8081"></property>
    <property name="java.specification.vendor" value="Sun Microsystems Inc."></property>
    <property name="java.vendor.url" value="http://java.sun.com/"></property>
    <property name="java.library.path" value="/usr/lib/jvm/java-6-sun-1.6.0.37/jre/lib/amd64/server:/usr/lib/jvm/java-6-sun-1.6.0.37/jre/lib/amd64:/usr/lib/jvm/java-6-sun-1.6.0.37/jre/../lib/amd64:/usr/java/packages/lib/amd64:/usr/lib64:/lib64:/lib:/usr/lib"></property>
    <property name="java.vm.vendor" value="Sun Microsystems Inc."></property>
    <property name="javaprojectlib" value=""></property>
    <property name="java.runtime.name" value="Java(TM) SE Runtime Environment"></property>
    <property name="debug.lib" value="debug.jar,fermate.adapter.jar"></property>
    <property name="java.class.path" value="/home/matteo/opt/wspaceJuno/eu.cartsc.fermate.db/bin:/archivio/deploy/lib/commons/commons-beanutils-1.7.0.jar:/archivio/deploy/lib/commons/commons-codec-1.3.jar:/archivio/deploy/lib/commons/commons-collections-3.2.jar:/archivio/deploy/lib/commons/commons-digester-1.8.jar:/archivio/deploy/lib/commons/commons-discovery-0.4.jar:/archivio/deploy/lib/commons/commons-el-1.0.jar:/archivio/deploy/lib/commons/commons-fileupload-1.2.1.jar:/archivio/deploy/lib/commons/commons-httpclient-3.1.jar:/archivio/deploy/lib/commons/commons-io-1.4.jar:/archivio/deploy/lib/commons/commons-lang-2.1.jar:/archivio/deploy/lib/commons/commons-logging-1.1.1.jar:/archivio/deploy/lib/commons/commons-net-2.0.jar:/archivio/deploy/lib/commons/commons-net-ftp-2.0.jar:/archivio/deploy/lib/commons/commons-validator-1.3.1.jar:/archivio/deploy/lib/hibernate1.1/antlr-2.7.6.jar:/archivio/deploy/lib/hibernate1.1/bytecode/cglib/cglib-2.2.jar:/archivio/deploy/lib/hibernate1.1/bytecode/javassist/javassist-3.9.0.GA.jar:/archivio/deploy/lib/hibernate1.1/c3p0-0.9.1.2.jar:/archivio/deploy/lib/hibernate1.1/c3p0-oracle-thin-extras-0.9.1.2.jar:/archivio/deploy/lib/hibernate1.1/dom4j-1.6.1.jar:/archivio/deploy/lib/hibernate1.1/ehcache-1.2.3.jar:/archivio/deploy/lib/hibernate1.1/entitymanager/dom4j.jar:/archivio/deploy/lib/hibernate1.1/entitymanager/ejb3-persistence.jar:/archivio/deploy/lib/hibernate1.1/entitymanager/hibernate-annotations.jar:/archivio/deploy/lib/hibernate1.1/entitymanager/hibernate-commons-annotations.jar:/archivio/deploy/lib/hibernate1.1/entitymanager/hibernate-entitymanager.jar:/archivio/deploy/lib/hibernate1.1/hibernate-validator.jar:/archivio/deploy/lib/hibernate1.1/hibernate3.jar:/archivio/deploy/lib/hibernate1.1/required/commons-collections-3.1.jar:/archivio/deploy/lib/hibernate1.1/required/jta-1.1.jar:/archivio/deploy/lib/hibernate1.1/tools/annotations/ejb3-persistence.jar:/archivio/deploy/lib/hibernate1.1/tools/annotations/hibernate-annotations.jar:/archivio/deploy/lib/hibernate1.1/tools/annotations/hibernate-commons-annotations.jar:/archivio/deploy/lib/hibernate1.1/tools/annotations/hibernate-entitymanager.jar:/archivio/deploy/lib/hibernate1.1/tools/annotations/hibernate-validator.jar:/archivio/deploy/lib/log4j-1.2.14.jar:/archivio/deploy/lib/mysql-connector-java-5.1.8-bin.jar:/archivio/deploy/lib/slf4j1.1/slf4j-api-1.5.8.jar:/archivio/deploy/lib/slf4j1.1/slf4j-log4j12-1.5.8.jar:/archivio/deploy/lib/debug.jar:/archivio/deploy/lib/fermate.adapter.jar:/archivio/deploy/lib/junit.jar:/archivio/deploy/lib/org.hamcrest.core_1.1.0.v20090501071000.jar:/archivio/deploy/lib/gwt/appengine-api-1.0-sdk-1.3.4.jar:/archivio/deploy/lib/gwt/appengine-api-labs-1.3.4.jar:/archivio/deploy/lib/gwt/appengine-jsr107cache-1.3.4.jar:/archivio/deploy/lib/gwt/datanucleus-appengine-1.0.7.final.jar:/archivio/deploy/lib/gwt/datanucleus-core-1.1.5.jar:/archivio/deploy/lib/gwt/datanucleus-jpa-1.1.5.jar:/archivio/deploy/lib/gwt/geronimo-jpa_3.0_spec-1.1.1.jar:/archivio/deploy/lib/gwt/geronimo-jta_1.1_spec-1.1.1.jar:/archivio/deploy/lib/gwt/gwt-dev.jar:/archivio/deploy/lib/gwt/gwt-gears.jar:/archivio/deploy/lib/gwt/gwt-servlet.jar:/archivio/deploy/lib/gwt/gwt-user.jar:/archivio/deploy/lib/gwt/gwtchismes-0.9.7.jar:/archivio/deploy/lib/gwt/jdo2-api-2.3-eb.jar:/archivio/deploy/lib/gwt/jsr107cache-1.1.jar:/usr/local/tomcat/lib/annotations-api.jar:/usr/local/tomcat/lib/catalina-ant.jar:/usr/local/tomcat/lib/catalina-ha.jar:/usr/local/tomcat/lib/catalina-tribes.jar:/usr/local/tomcat/lib/catalina.jar:/usr/local/tomcat/lib/ecj-3.3.1.jar:/usr/local/tomcat/lib/el-api.jar:/usr/local/tomcat/lib/jasper-el.jar:/usr/local/tomcat/lib/jasper.jar:/usr/local/tomcat/lib/jsp-api.jar:/usr/local/tomcat/lib/servlet-api.jar:/usr/local/tomcat/lib/tomcat-coyote.jar:/usr/local/tomcat/lib/tomcat-dbcp.jar:/usr/local/tomcat/lib/tomcat-i18n-es.jar:/usr/local/tomcat/lib/tomcat-i18n-fr.jar:/usr/local/tomcat/lib/tomcat-i18n-ja.jar:/archivio/deploy/lib/hibernate/antlr-2.7.6.jar:/archivio/deploy/lib/hibernate/bytecode/cglib/cglib-2.2.jar:/archivio/deploy/lib/hibernate/bytecode/javassist/javassist-3.9.0.GA.jar:/archivio/deploy/lib/hibernate/c3p0-0.9.1.2.jar:/archivio/deploy/lib/hibernate/c3p0-oracle-thin-extras-0.9.1.2.jar:/archivio/deploy/lib/hibernate/dom4j-1.6.1.jar:/archivio/deploy/lib/hibernate/ehcache-1.2.3.jar:/archivio/deploy/lib/hibernate/entitymanager/dom4j.jar:/archivio/deploy/lib/hibernate/entitymanager/ejb3-persistence.jar:/archivio/deploy/lib/hibernate/entitymanager/hibernate-annotations.jar:/archivio/deploy/lib/hibernate/entitymanager/hibernate-commons-annotations.jar:/archivio/deploy/lib/hibernate/entitymanager/hibernate-entitymanager.jar:/archivio/deploy/lib/hibernate/hibernate-validator.jar:/archivio/deploy/lib/hibernate/hibernate3.jar:/archivio/deploy/lib/hibernate/required/commons-collections-3.1.jar:/archivio/deploy/lib/hibernate/required/jta-1.1.jar:/archivio/deploy/lib/hibernate/required/log4j-1.2.14.jar:/archivio/deploy/lib/hibernate/required/slf4j-api-1.5.8.jar:/archivio/deploy/lib/hibernate/required/slf4j-log4j12-1.5.8.jar:/archivio/deploy/lib/hibernate/tools/annotations/ejb3-persistence.jar:/archivio/deploy/lib/hibernate/tools/annotations/hibernate-annotations.jar:/archivio/deploy/lib/hibernate/tools/annotations/hibernate-commons-annotations.jar:/archivio/deploy/lib/hibernate/tools/annotations/hibernate-entitymanager.jar:/archivio/deploy/lib/hibernate/tools/annotations/hibernate-search.jar:/archivio/deploy/lib/hibernate/tools/annotations/hibernate-validator.jar:/archivio/deploy/lib/hibernate/tools/annotations/lucene-core-2.2.0.jar:/archivio/deploy/lib/hibernate/tools/hibernate/antlr-2.7.6.jar:/archivio/deploy/lib/hibernate/tools/hibernate/asm-attrs.jar:/archivio/deploy/lib/hibernate/tools/hibernate/asm.jar:/archivio/deploy/lib/hibernate/tools/hibernate/c3p0-0.9.1.jar:/archivio/deploy/lib/hibernate/tools/hibernate/cglib-2.1.3.jar:/archivio/deploy/lib/hibernate/tools/hibernate/commons-collections-2.1.1.jar:/archivio/deploy/lib/hibernate/tools/hibernate/commons-logging-1.1.1.jar:/archivio/deploy/lib/hibernate/tools/hibernate/concurrent-1.3.2.jar:/archivio/deploy/lib/hibernate/tools/hibernate/connector.jar:/archivio/deploy/lib/hibernate/tools/hibernate/dom4j-1.6.1.jar:/archivio/deploy/lib/hibernate/tools/hibernate/ehcache-1.2.3.jar:/archivio/deploy/lib/hibernate/tools/hibernate/hibernate3.jar:/archivio/deploy/lib/hibernate/tools/hibernate/jaas.jar:/archivio/deploy/lib/hibernate/tools/hibernate/javassist.jar:/archivio/deploy/lib/hibernate/tools/hibernate/jboss-cache.jar:/archivio/deploy/lib/hibernate/tools/hibernate/jboss-common.jar:/archivio/deploy/lib/hibernate/tools/hibernate/jboss-jmx.jar:/archivio/deploy/lib/hibernate/tools/hibernate/jboss-system.jar:/archivio/deploy/lib/hibernate/tools/hibernate/jdbc2_0-stdext.jar:/archivio/deploy/lib/hibernate/tools/hibernate/jgroups-2.2.8.jar:/archivio/deploy/lib/hibernate/tools/hibernate/jta.jar:/archivio/deploy/lib/hibernate/tools/hibernate/log4j-1.2.15.jar:/archivio/deploy/lib/hibernate/tools/hibernate/oscache-2.1.jar:/archivio/deploy/lib/hibernate/tools/hibernate/proxool-0.8.3.jar:/archivio/deploy/lib/hibernate/tools/hibernate/swarmcache-1.0rc2.jar:/archivio/deploy/lib/hibernate/tools/tools/bsh-2.0b1.jar:/archivio/deploy/lib/hibernate/tools/tools/freemarker.jar:/archivio/deploy/lib/hibernate/tools/tools/hibernate-tools.jar:/archivio/deploy/lib/hibernate/tools/tools/jtidy-r8-20060801.jar:/archivio/deploy/lib/jwebunit/commons-codec-1.4.jar:/archivio/deploy/lib/jwebunit/commons-collections-3.2.1.jar:/archivio/deploy/lib/jwebunit/commons-httpclient-3.1.jar:/archivio/deploy/lib/jwebunit/commons-io-1.4.jar:/archivio/deploy/lib/jwebunit/commons-lang-2.4.jar:/archivio/deploy/lib/jwebunit/commons-logging-1.1.1.jar:/archivio/deploy/lib/jwebunit/cssparser-0.9.5.jar:/archivio/deploy/lib/jwebunit/htmlunit-2.7.jar:/archivio/deploy/lib/jwebunit/htmlunit-core-js-2.7.jar:/archivio/deploy/lib/jwebunit/junit-4.7.jar:/archivio/deploy/lib/jwebunit/jwebunit-core-2.3.jar:/archivio/deploy/lib/jwebunit/jwebunit-htmlunit-plugin-2.3.jar:/archivio/deploy/lib/jwebunit/log4j-1.2.13.jar:/archivio/deploy/lib/jwebunit/nekohtml-1.9.14.jar:/archivio/deploy/lib/jwebunit/regexp-1.3.jar:/archivio/deploy/lib/jwebunit/sac-1.3.jar:/archivio/deploy/lib/jwebunit/serializer-2.7.1.jar:/archivio/deploy/lib/jwebunit/servlet-api-2.4.jar:/archivio/deploy/lib/jwebunit/slf4j-api-1.5.0.jar:/archivio/deploy/lib/jwebunit/slf4j-log4j12-1.5.0.jar:/archivio/deploy/lib/jwebunit/xalan-2.7.1.jar:/archivio/deploy/lib/jwebunit/xercesImpl-2.9.1.jar:/archivio/deploy/lib/jwebunit/xml-apis-1.3.04.jar:/archivio/deploy/lib/selenium-java-client-driver.jar:/archivio/deploy/lib/selenium-server-standalone-2.25.0.jar:/home/matteo/opt/wspaceJuno/eu.cartsc.fermate.db/lib/antlr-2.7.6.jar:/home/matteo/opt/wspaceJuno/eu.cartsc.fermate.db/lib/asm-attrs.jar:/home/matteo/opt/wspaceJuno/eu.cartsc.fermate.db/lib/asm.jar:/home/matteo/opt/wspaceJuno/eu.cartsc.fermate.db/lib/bsh-2.0b1.jar:/home/matteo/opt/wspaceJuno/eu.cartsc.fermate.db/lib/c3p0-0.9.1.2.jar:/home/matteo/opt/wspaceJuno/eu.cartsc.fermate.db/lib/c3p0-0.9.1.jar:/home/matteo/opt/wspaceJuno/eu.cartsc.fermate.db/lib/c3p0-oracle-thin-extras-0.9.1.2.jar:/home/matteo/opt/wspaceJuno/eu.cartsc.fermate.db/lib/cglib-2.1.3.jar:/home/matteo/opt/wspaceJuno/eu.cartsc.fermate.db/lib/cglib-2.2.jar:/home/matteo/opt/wspaceJuno/eu.cartsc.fermate.db/lib/commons-beanutils-1.7.0.jar:/home/matteo/opt/wspaceJuno/eu.cartsc.fermate.db/lib/commons-codec-1.3.jar:/home/matteo/opt/wspaceJuno/eu.cartsc.fermate.db/lib/commons-collections-2.1.1.jar:/home/matteo/opt/wspaceJuno/eu.cartsc.fermate.db/lib/commons-collections-3.1.jar:/home/matteo/opt/wspaceJuno/eu.cartsc.fermate.db/lib/commons-collections-3.2.jar:/home/matteo/opt/wspaceJuno/eu.cartsc.fermate.db/lib/commons-digester-1.8.jar:/home/matteo/opt/wspaceJuno/eu.cartsc.fermate.db/lib/commons-discovery-0.4.jar:/home/matteo/opt/wspaceJuno/eu.cartsc.fermate.db/lib/commons-el-1.0.jar:/home/matteo/opt/wspaceJuno/eu.cartsc.fermate.db/lib/commons-fileupload-1.2.1.jar:/home/matteo/opt/wspaceJuno/eu.cartsc.fermate.db/lib/commons-httpclient-3.1.jar:/home/matteo/opt/wspaceJuno/eu.cartsc.fermate.db/lib/commons-io-1.4.jar:/home/matteo/opt/wspaceJuno/eu.cartsc.fermate.db/lib/commons-lang-2.1.jar:/home/matteo/opt/wspaceJuno/eu.cartsc.fermate.db/lib/commons-logging-1.1.1.jar:/home/matteo/opt/wspaceJuno/eu.cartsc.fermate.db/lib/commons-net-2.0.jar:/home/matteo/opt/wspaceJuno/eu.cartsc.fermate.db/lib/commons-net-ftp-2.0.jar:/home/matteo/opt/wspaceJuno/eu.cartsc.fermate.db/lib/commons-validator-1.3.1.jar:/home/matteo/opt/wspaceJuno/eu.cartsc.fermate.db/lib/concurrent-1.3.2.jar:/home/matteo/opt/wspaceJuno/eu.cartsc.fermate.db/lib/connector.jar:/home/matteo/opt/wspaceJuno/eu.cartsc.fermate.db/lib/debug.jar:/home/matteo/opt/wspaceJuno/eu.cartsc.fermate.db/lib/dom4j-1.6.1.jar:/home/matteo/opt/wspaceJuno/eu.cartsc.fermate.db/lib/dom4j.jar:/home/matteo/opt/wspaceJuno/eu.cartsc.fermate.db/lib/ehcache-1.2.3.jar:/home/matteo/opt/wspaceJuno/eu.cartsc.fermate.db/lib/ejb3-persistence.jar:/home/matteo/opt/wspaceJuno/eu.cartsc.fermate.db/lib/fermate.adapter.jar:/home/matteo/opt/wspaceJuno/eu.cartsc.fermate.db/lib/freemarker.jar:/home/matteo/opt/wspaceJuno/eu.cartsc.fermate.db/lib/hibernate-annotations.jar:/home/matteo/opt/wspaceJuno/eu.cartsc.fermate.db/lib/hibernate-commons-annotations.jar:/home/matteo/opt/wspaceJuno/eu.cartsc.fermate.db/lib/hibernate-entitymanager.jar:/home/matteo/opt/wspaceJuno/eu.cartsc.fermate.db/lib/hibernate-search.jar:/home/matteo/opt/wspaceJuno/eu.cartsc.fermate.db/lib/hibernate-tools.jar:/home/matteo/opt/wspaceJuno/eu.cartsc.fermate.db/lib/hibernate-validator.jar:/home/matteo/opt/wspaceJuno/eu.cartsc.fermate.db/lib/hibernate3.jar:/home/matteo/opt/wspaceJuno/eu.cartsc.fermate.db/lib/jaas.jar:/home/matteo/opt/wspaceJuno/eu.cartsc.fermate.db/lib/javassist-3.9.0.GA.jar:/home/matteo/opt/wspaceJuno/eu.cartsc.fermate.db/lib/javassist.jar:/home/matteo/opt/wspaceJuno/eu.cartsc.fermate.db/lib/jboss-cache.jar:/home/matteo/opt/wspaceJuno/eu.cartsc.fermate.db/lib/jboss-common.jar:/home/matteo/opt/wspaceJuno/eu.cartsc.fermate.db/lib/jboss-jmx.jar:/home/matteo/opt/wspaceJuno/eu.cartsc.fermate.db/lib/jboss-system.jar:/home/matteo/opt/wspaceJuno/eu.cartsc.fermate.db/lib/jdbc2_0-stdext.jar:/home/matteo/opt/wspaceJuno/eu.cartsc.fermate.db/lib/jgroups-2.2.8.jar:/home/matteo/opt/wspaceJuno/eu.cartsc.fermate.db/lib/jta-1.1.jar:/home/matteo/opt/wspaceJuno/eu.cartsc.fermate.db/lib/jta.jar:/home/matteo/opt/wspaceJuno/eu.cartsc.fermate.db/lib/jtidy-r8-20060801.jar:/home/matteo/opt/wspaceJuno/eu.cartsc.fermate.db/lib/log4j-1.2.14.jar:/home/matteo/opt/wspaceJuno/eu.cartsc.fermate.db/lib/log4j-1.2.15.jar:/home/matteo/opt/wspaceJuno/eu.cartsc.fermate.db/lib/lucene-core-2.2.0.jar:/home/matteo/opt/wspaceJuno/eu.cartsc.fermate.db/lib/mysql-connector-java-5.1.8-bin.jar:/home/matteo/opt/wspaceJuno/eu.cartsc.fermate.db/lib/oscache-2.1.jar:/home/matteo/opt/wspaceJuno/eu.cartsc.fermate.db/lib/proxool-0.8.3.jar:/home/matteo/opt/wspaceJuno/eu.cartsc.fermate.db/lib/slf4j-api-1.5.8.jar:/home/matteo/opt/wspaceJuno/eu.cartsc.fermate.db/lib/slf4j-log4j12-1.5.8.jar:/home/matteo/opt/wspaceJuno/eu.cartsc.fermate.db/lib/swarmcache-1.0rc2.jar:/usr/local/apache-ant-1.8.4/lib/ant-launcher.jar:/usr/local/apache-ant-1.8.4/lib/ant.jar:/usr/local/apache-ant-1.8.4/lib/ant-junit.jar:/usr/local/apache-ant-1.8.4/lib/ant-junit4.jar"></property>
    <property name="sun.java.command" value="org.apache.tools.ant.taskdefs.optional.junit.JUnitTestRunner eu.cartsc.fermate.db.test.OperatoreDAOTest filtertrace=true haltOnError=false haltOnFailure=false formatter=org.apache.tools.ant.taskdefs.optional.junit.OutErrSummaryJUnitResultFormatter showoutput=true outputtoformatters=true logfailedtests=true logtestlistenerevents=false formatter=org.apache.tools.ant.taskdefs.optional.junit.XMLJUnitResultFormatter,/home/matteo/opt/wspaceJuno/eu.cartsc.fermate.db/junit/TEST-eu.cartsc.fermate.db.test.OperatoreDAOTest.xml formatter=org.apache.tools.ant.taskdefs.optional.junit.XMLJUnitResultFormatter,/home/matteo/opt/wspaceJuno/eu.cartsc.fermate.db/junit/TEST-eu.cartsc.fermate.db.test.OperatoreDAOTest.xml crashfile=/home/matteo/opt/wspaceJuno/eu.cartsc.fermate.db/junitvmwatcher3327645058318057210.properties propsfile=/home/matteo/opt/wspaceJuno/eu.cartsc.fermate.db/junit3359691387732957262.properties"></property>
    <property name="ant.version" value="Apache Ant(TM) version 1.8.4 compiled on May 22 2012"></property>
    <property name="deploy.classpath" value="/archivio/deploy/lib/commons/commons-beanutils-1.7.0.jar:/archivio/deploy/lib/commons/commons-codec-1.3.jar:/archivio/deploy/lib/commons/commons-collections-3.2.jar:/archivio/deploy/lib/commons/commons-digester-1.8.jar:/archivio/deploy/lib/commons/commons-discovery-0.4.jar:/archivio/deploy/lib/commons/commons-el-1.0.jar:/archivio/deploy/lib/commons/commons-fileupload-1.2.1.jar:/archivio/deploy/lib/commons/commons-httpclient-3.1.jar:/archivio/deploy/lib/commons/commons-io-1.4.jar:/archivio/deploy/lib/commons/commons-lang-2.1.jar:/archivio/deploy/lib/commons/commons-logging-1.1.1.jar:/archivio/deploy/lib/commons/commons-net-2.0.jar:/archivio/deploy/lib/commons/commons-net-ftp-2.0.jar:/archivio/deploy/lib/commons/commons-validator-1.3.1.jar:/archivio/deploy/lib/hibernate1.1/antlr-2.7.6.jar:/archivio/deploy/lib/hibernate1.1/bytecode/cglib/cglib-2.2.jar:/archivio/deploy/lib/hibernate1.1/bytecode/javassist/javassist-3.9.0.GA.jar:/archivio/deploy/lib/hibernate1.1/c3p0-0.9.1.2.jar:/archivio/deploy/lib/hibernate1.1/c3p0-oracle-thin-extras-0.9.1.2.jar:/archivio/deploy/lib/hibernate1.1/dom4j-1.6.1.jar:/archivio/deploy/lib/hibernate1.1/ehcache-1.2.3.jar:/archivio/deploy/lib/hibernate1.1/entitymanager/dom4j.jar:/archivio/deploy/lib/hibernate1.1/entitymanager/ejb3-persistence.jar:/archivio/deploy/lib/hibernate1.1/entitymanager/hibernate-annotations.jar:/archivio/deploy/lib/hibernate1.1/entitymanager/hibernate-commons-annotations.jar:/archivio/deploy/lib/hibernate1.1/entitymanager/hibernate-entitymanager.jar:/archivio/deploy/lib/hibernate1.1/hibernate-validator.jar:/archivio/deploy/lib/hibernate1.1/hibernate3.jar:/archivio/deploy/lib/hibernate1.1/required/commons-collections-3.1.jar:/archivio/deploy/lib/hibernate1.1/required/jta-1.1.jar:/archivio/deploy/lib/hibernate1.1/tools/annotations/ejb3-persistence.jar:/archivio/deploy/lib/hibernate1.1/tools/annotations/hibernate-annotations.jar:/archivio/deploy/lib/hibernate1.1/tools/annotations/hibernate-commons-annotations.jar:/archivio/deploy/lib/hibernate1.1/tools/annotations/hibernate-entitymanager.jar:/archivio/deploy/lib/hibernate1.1/tools/annotations/hibernate-validator.jar:/archivio/deploy/lib/log4j-1.2.14.jar:/archivio/deploy/lib/mysql-connector-java-5.1.8-bin.jar:/archivio/deploy/lib/slf4j1.1/slf4j-api-1.5.8.jar:/archivio/deploy/lib/slf4j1.1/slf4j-log4j12-1.5.8.jar:/archivio/deploy/lib/debug.jar:/archivio/deploy/lib/fermate.adapter.jar:/archivio/deploy/lib/junit.jar:/archivio/deploy/lib/org.hamcrest.core_1.1.0.v20090501071000.jar:/archivio/deploy/lib/gwt/appengine-api-1.0-sdk-1.3.4.jar:/archivio/deploy/lib/gwt/appengine-api-labs-1.3.4.jar:/archivio/deploy/lib/gwt/appengine-jsr107cache-1.3.4.jar:/archivio/deploy/lib/gwt/datanucleus-appengine-1.0.7.final.jar:/archivio/deploy/lib/gwt/datanucleus-core-1.1.5.jar:/archivio/deploy/lib/gwt/datanucleus-jpa-1.1.5.jar:/archivio/deploy/lib/gwt/geronimo-jpa_3.0_spec-1.1.1.jar:/archivio/deploy/lib/gwt/geronimo-jta_1.1_spec-1.1.1.jar:/archivio/deploy/lib/gwt/gwt-dev.jar:/archivio/deploy/lib/gwt/gwt-gears.jar:/archivio/deploy/lib/gwt/gwt-servlet.jar:/archivio/deploy/lib/gwt/gwt-user.jar:/archivio/deploy/lib/gwt/gwtchismes-0.9.7.jar:/archivio/deploy/lib/gwt/jdo2-api-2.3-eb.jar:/archivio/deploy/lib/gwt/jsr107cache-1.1.jar:/usr/local/tomcat/lib/annotations-api.jar:/usr/local/tomcat/lib/catalina-ant.jar:/usr/local/tomcat/lib/catalina-ha.jar:/usr/local/tomcat/lib/catalina-tribes.jar:/usr/local/tomcat/lib/catalina.jar:/usr/local/tomcat/lib/ecj-3.3.1.jar:/usr/local/tomcat/lib/el-api.jar:/usr/local/tomcat/lib/jasper-el.jar:/usr/local/tomcat/lib/jasper.jar:/usr/local/tomcat/lib/jsp-api.jar:/usr/local/tomcat/lib/servlet-api.jar:/usr/local/tomcat/lib/tomcat-coyote.jar:/usr/local/tomcat/lib/tomcat-dbcp.jar:/usr/local/tomcat/lib/tomcat-i18n-es.jar:/usr/local/tomcat/lib/tomcat-i18n-fr.jar:/usr/local/tomcat/lib/tomcat-i18n-ja.jar:/archivio/deploy/lib/hibernate/antlr-2.7.6.jar:/archivio/deploy/lib/hibernate/bytecode/cglib/cglib-2.2.jar:/archivio/deploy/lib/hibernate/bytecode/javassist/javassist-3.9.0.GA.jar:/archivio/deploy/lib/hibernate/c3p0-0.9.1.2.jar:/archivio/deploy/lib/hibernate/c3p0-oracle-thin-extras-0.9.1.2.jar:/archivio/deploy/lib/hibernate/dom4j-1.6.1.jar:/archivio/deploy/lib/hibernate/ehcache-1.2.3.jar:/archivio/deploy/lib/hibernate/entitymanager/dom4j.jar:/archivio/deploy/lib/hibernate/entitymanager/ejb3-persistence.jar:/archivio/deploy/lib/hibernate/entitymanager/hibernate-annotations.jar:/archivio/deploy/lib/hibernate/entitymanager/hibernate-commons-annotations.jar:/archivio/deploy/lib/hibernate/entitymanager/hibernate-entitymanager.jar:/archivio/deploy/lib/hibernate/hibernate-validator.jar:/archivio/deploy/lib/hibernate/hibernate3.jar:/archivio/deploy/lib/hibernate/required/commons-collections-3.1.jar:/archivio/deploy/lib/hibernate/required/jta-1.1.jar:/archivio/deploy/lib/hibernate/required/log4j-1.2.14.jar:/archivio/deploy/lib/hibernate/required/slf4j-api-1.5.8.jar:/archivio/deploy/lib/hibernate/required/slf4j-log4j12-1.5.8.jar:/archivio/deploy/lib/hibernate/tools/annotations/ejb3-persistence.jar:/archivio/deploy/lib/hibernate/tools/annotations/hibernate-annotations.jar:/archivio/deploy/lib/hibernate/tools/annotations/hibernate-commons-annotations.jar:/archivio/deploy/lib/hibernate/tools/annotations/hibernate-entitymanager.jar:/archivio/deploy/lib/hibernate/tools/annotations/hibernate-search.jar:/archivio/deploy/lib/hibernate/tools/annotations/hibernate-validator.jar:/archivio/deploy/lib/hibernate/tools/annotations/lucene-core-2.2.0.jar:/archivio/deploy/lib/hibernate/tools/hibernate/antlr-2.7.6.jar:/archivio/deploy/lib/hibernate/tools/hibernate/asm-attrs.jar:/archivio/deploy/lib/hibernate/tools/hibernate/asm.jar:/archivio/deploy/lib/hibernate/tools/hibernate/c3p0-0.9.1.jar:/archivio/deploy/lib/hibernate/tools/hibernate/cglib-2.1.3.jar:/archivio/deploy/lib/hibernate/tools/hibernate/commons-collections-2.1.1.jar:/archivio/deploy/lib/hibernate/tools/hibernate/commons-logging-1.1.1.jar:/archivio/deploy/lib/hibernate/tools/hibernate/concurrent-1.3.2.jar:/archivio/deploy/lib/hibernate/tools/hibernate/connector.jar:/archivio/deploy/lib/hibernate/tools/hibernate/dom4j-1.6.1.jar:/archivio/deploy/lib/hibernate/tools/hibernate/ehcache-1.2.3.jar:/archivio/deploy/lib/hibernate/tools/hibernate/hibernate3.jar:/archivio/deploy/lib/hibernate/tools/hibernate/jaas.jar:/archivio/deploy/lib/hibernate/tools/hibernate/javassist.jar:/archivio/deploy/lib/hibernate/tools/hibernate/jboss-cache.jar:/archivio/deploy/lib/hibernate/tools/hibernate/jboss-common.jar:/archivio/deploy/lib/hibernate/tools/hibernate/jboss-jmx.jar:/archivio/deploy/lib/hibernate/tools/hibernate/jboss-system.jar:/archivio/deploy/lib/hibernate/tools/hibernate/jdbc2_0-stdext.jar:/archivio/deploy/lib/hibernate/tools/hibernate/jgroups-2.2.8.jar:/archivio/deploy/lib/hibernate/tools/hibernate/jta.jar:/archivio/deploy/lib/hibernate/tools/hibernate/log4j-1.2.15.jar:/archivio/deploy/lib/hibernate/tools/hibernate/oscache-2.1.jar:/archivio/deploy/lib/hibernate/tools/hibernate/proxool-0.8.3.jar:/archivio/deploy/lib/hibernate/tools/hibernate/swarmcache-1.0rc2.jar:/archivio/deploy/lib/hibernate/tools/tools/bsh-2.0b1.jar:/archivio/deploy/lib/hibernate/tools/tools/freemarker.jar:/archivio/deploy/lib/hibernate/tools/tools/hibernate-tools.jar:/archivio/deploy/lib/hibernate/tools/tools/jtidy-r8-20060801.jar:/archivio/deploy/lib/jwebunit/commons-codec-1.4.jar:/archivio/deploy/lib/jwebunit/commons-collections-3.2.1.jar:/archivio/deploy/lib/jwebunit/commons-httpclient-3.1.jar:/archivio/deploy/lib/jwebunit/commons-io-1.4.jar:/archivio/deploy/lib/jwebunit/commons-lang-2.4.jar:/archivio/deploy/lib/jwebunit/commons-logging-1.1.1.jar:/archivio/deploy/lib/jwebunit/cssparser-0.9.5.jar:/archivio/deploy/lib/jwebunit/htmlunit-2.7.jar:/archivio/deploy/lib/jwebunit/htmlunit-core-js-2.7.jar:/archivio/deploy/lib/jwebunit/junit-4.7.jar:/archivio/deploy/lib/jwebunit/jwebunit-core-2.3.jar:/archivio/deploy/lib/jwebunit/jwebunit-htmlunit-plugin-2.3.jar:/archivio/deploy/lib/jwebunit/log4j-1.2.13.jar:/archivio/deploy/lib/jwebunit/nekohtml-1.9.14.jar:/archivio/deploy/lib/jwebunit/regexp-1.3.jar:/archivio/deploy/lib/jwebunit/sac-1.3.jar:/archivio/deploy/lib/jwebunit/serializer-2.7.1.jar:/archivio/deploy/lib/jwebunit/servlet-api-2.4.jar:/archivio/deploy/lib/jwebunit/slf4j-api-1.5.0.jar:/archivio/deploy/lib/jwebunit/slf4j-log4j12-1.5.0.jar:/archivio/deploy/lib/jwebunit/xalan-2.7.1.jar:/archivio/deploy/lib/jwebunit/xercesImpl-2.9.1.jar:/archivio/deploy/lib/jwebunit/xml-apis-1.3.04.jar:/archivio/deploy/lib/selenium-java-client-driver.jar:/archivio/deploy/lib/selenium-server-standalone-2.25.0.jar:/home/matteo/opt/wspaceJuno/eu.cartsc.fermate.db/lib/antlr-2.7.6.jar:/home/matteo/opt/wspaceJuno/eu.cartsc.fermate.db/lib/asm-attrs.jar:/home/matteo/opt/wspaceJuno/eu.cartsc.fermate.db/lib/asm.jar:/home/matteo/opt/wspaceJuno/eu.cartsc.fermate.db/lib/bsh-2.0b1.jar:/home/matteo/opt/wspaceJuno/eu.cartsc.fermate.db/lib/c3p0-0.9.1.2.jar:/home/matteo/opt/wspaceJuno/eu.cartsc.fermate.db/lib/c3p0-0.9.1.jar:/home/matteo/opt/wspaceJuno/eu.cartsc.fermate.db/lib/c3p0-oracle-thin-extras-0.9.1.2.jar:/home/matteo/opt/wspaceJuno/eu.cartsc.fermate.db/lib/cglib-2.1.3.jar:/home/matteo/opt/wspaceJuno/eu.cartsc.fermate.db/lib/cglib-2.2.jar:/home/matteo/opt/wspaceJuno/eu.cartsc.fermate.db/lib/commons-beanutils-1.7.0.jar:/home/matteo/opt/wspaceJuno/eu.cartsc.fermate.db/lib/commons-codec-1.3.jar:/home/matteo/opt/wspaceJuno/eu.cartsc.fermate.db/lib/commons-collections-2.1.1.jar:/home/matteo/opt/wspaceJuno/eu.cartsc.fermate.db/lib/commons-collections-3.1.jar:/home/matteo/opt/wspaceJuno/eu.cartsc.fermate.db/lib/commons-collections-3.2.jar:/home/matteo/opt/wspaceJuno/eu.cartsc.fermate.db/lib/commons-digester-1.8.jar:/home/matteo/opt/wspaceJuno/eu.cartsc.fermate.db/lib/commons-discovery-0.4.jar:/home/matteo/opt/wspaceJuno/eu.cartsc.fermate.db/lib/commons-el-1.0.jar:/home/matteo/opt/wspaceJuno/eu.cartsc.fermate.db/lib/commons-fileupload-1.2.1.jar:/home/matteo/opt/wspaceJuno/eu.cartsc.fermate.db/lib/commons-httpclient-3.1.jar:/home/matteo/opt/wspaceJuno/eu.cartsc.fermate.db/lib/commons-io-1.4.jar:/home/matteo/opt/wspaceJuno/eu.cartsc.fermate.db/lib/commons-lang-2.1.jar:/home/matteo/opt/wspaceJuno/eu.cartsc.fermate.db/lib/commons-logging-1.1.1.jar:/home/matteo/opt/wspaceJuno/eu.cartsc.fermate.db/lib/commons-net-2.0.jar:/home/matteo/opt/wspaceJuno/eu.cartsc.fermate.db/lib/commons-net-ftp-2.0.jar:/home/matteo/opt/wspaceJuno/eu.cartsc.fermate.db/lib/commons-validator-1.3.1.jar:/home/matteo/opt/wspaceJuno/eu.cartsc.fermate.db/lib/concurrent-1.3.2.jar:/home/matteo/opt/wspaceJuno/eu.cartsc.fermate.db/lib/connector.jar:/home/matteo/opt/wspaceJuno/eu.cartsc.fermate.db/lib/debug.jar:/home/matteo/opt/wspaceJuno/eu.cartsc.fermate.db/lib/dom4j-1.6.1.jar:/home/matteo/opt/wspaceJuno/eu.cartsc.fermate.db/lib/dom4j.jar:/home/matteo/opt/wspaceJuno/eu.cartsc.fermate.db/lib/ehcache-1.2.3.jar:/home/matteo/opt/wspaceJuno/eu.cartsc.fermate.db/lib/ejb3-persistence.jar:/home/matteo/opt/wspaceJuno/eu.cartsc.fermate.db/lib/fermate.adapter.jar:/home/matteo/opt/wspaceJuno/eu.cartsc.fermate.db/lib/freemarker.jar:/home/matteo/opt/wspaceJuno/eu.cartsc.fermate.db/lib/hibernate-annotations.jar:/home/matteo/opt/wspaceJuno/eu.cartsc.fermate.db/lib/hibernate-commons-annotations.jar:/home/matteo/opt/wspaceJuno/eu.cartsc.fermate.db/lib/hibernate-entitymanager.jar:/home/matteo/opt/wspaceJuno/eu.cartsc.fermate.db/lib/hibernate-search.jar:/home/matteo/opt/wspaceJuno/eu.cartsc.fermate.db/lib/hibernate-tools.jar:/home/matteo/opt/wspaceJuno/eu.cartsc.fermate.db/lib/hibernate-validator.jar:/home/matteo/opt/wspaceJuno/eu.cartsc.fermate.db/lib/hibernate3.jar:/home/matteo/opt/wspaceJuno/eu.cartsc.fermate.db/lib/jaas.jar:/home/matteo/opt/wspaceJuno/eu.cartsc.fermate.db/lib/javassist-3.9.0.GA.jar:/home/matteo/opt/wspaceJuno/eu.cartsc.fermate.db/lib/javassist.jar:/home/matteo/opt/wspaceJuno/eu.cartsc.fermate.db/lib/jboss-cache.jar:/home/matteo/opt/wspaceJuno/eu.cartsc.fermate.db/lib/jboss-common.jar:/home/matteo/opt/wspaceJuno/eu.cartsc.fermate.db/lib/jboss-jmx.jar:/home/matteo/opt/wspaceJuno/eu.cartsc.fermate.db/lib/jboss-system.jar:/home/matteo/opt/wspaceJuno/eu.cartsc.fermate.db/lib/jdbc2_0-stdext.jar:/home/matteo/opt/wspaceJuno/eu.cartsc.fermate.db/lib/jgroups-2.2.8.jar:/home/matteo/opt/wspaceJuno/eu.cartsc.fermate.db/lib/jta-1.1.jar:/home/matteo/opt/wspaceJuno/eu.cartsc.fermate.db/lib/jta.jar:/home/matteo/opt/wspaceJuno/eu.cartsc.fermate.db/lib/jtidy-r8-20060801.jar:/home/matteo/opt/wspaceJuno/eu.cartsc.fermate.db/lib/log4j-1.2.14.jar:/home/matteo/opt/wspaceJuno/eu.cartsc.fermate.db/lib/log4j-1.2.15.jar:/home/matteo/opt/wspaceJuno/eu.cartsc.fermate.db/lib/lucene-core-2.2.0.jar:/home/matteo/opt/wspaceJuno/eu.cartsc.fermate.db/lib/mysql-connector-java-5.1.8-bin.jar:/home/matteo/opt/wspaceJuno/eu.cartsc.fermate.db/lib/oscache-2.1.jar:/home/matteo/opt/wspaceJuno/eu.cartsc.fermate.db/lib/proxool-0.8.3.jar:/home/matteo/opt/wspaceJuno/eu.cartsc.fermate.db/lib/slf4j-api-1.5.8.jar:/home/matteo/opt/wspaceJuno/eu.cartsc.fermate.db/lib/slf4j-log4j12-1.5.8.jar:/home/matteo/opt/wspaceJuno/eu.cartsc.fermate.db/lib/swarmcache-1.0rc2.jar:/home/matteo/opt/wspaceJuno/eu.cartsc.fermate.db/bin"></property>
    <property name="suffix" value=""></property>
    <property name="java.vm.specification.name" value="Java Virtual Machine Specification"></property>
    <property name="ant.file.type" value="file"></property>
    <property name="redmine.driver" value="com.mysql.jdbc.Driver"></property>
    <property name="catalina.home" value="/usr/local/tomcat/bin/.."></property>
    <property name="java.vm.specification.version" value="1.0"></property>
    <property name="sun.os.patch.level" value="unknown"></property>
    <property name="sun.cpu.endian" value="little"></property>
    <property name="java.io.tmpdir" value="/tmp"></property>
    <property name="java.vendor.url.bug" value="http://java.sun.com/cgi-bin/bugreport.cgi"></property>
    <property name="java.awt.graphicsenv" value="sun.awt.X11GraphicsEnvironment"></property>
    <property name="os.arch" value="amd64"></property>
    <property name="java.ext.dirs" value="/usr/lib/jvm/java-6-sun-1.6.0.37/jre/lib/ext:/usr/java/packages/lib/ext"></property>
    <property name="user.dir" value="/home/matteo/opt/wspaceJuno/eu.cartsc.fermate.web"></property>
    <property name="ant.file.type.tsp" value="file"></property>
    <property name="line.separator" value="
"></property>
    <property name="paramlib.test" value=""></property>
    <property name="java.vm.name" value="Java HotSpot(TM) 64-Bit Server VM"></property>
    <property name="redmine.pw" value="IIHka80LalQQ"></property>
    <property name="tomcat.home" value="/usr/local/tomcat/lib"></property>
    <property name="basedir" value="/home/matteo/opt/wspaceJuno/eu.cartsc.fermate.db"></property>
    <property name="dep" value="eu.cartsc.fermate.db"></property>
    <property name="gwt.args" value=""></property>
    <property name="ant.java.version" value="1.6"></property>
    <property name="ant.core.lib" value="/usr/local/apache-ant-1.8.4/lib/ant.jar"></property>
    <property name="source" value="1.5"></property>
    <property name="file.encoding" value="UTF-8"></property>
    <property name="tomcat.password.test" value="cv56py"></property>
    <property name="javasourcetest" value="test"></property>
    <property name="deploym" value="server008"></property>
    <property name="java.specification.version" value="1.6"></property>
    <property name="ant.project.invoked-targets" value="deploy"></property>
    <property name="ant.file.type.mdeploy" value="file"></property>
  </properties>
  <testcase classname="eu.cartsc.fermate.db.test.OperatoreDAOTest" name="testFindAll" time="1.745"></testcase>
  <system-out><![CDATA[ INFO [main] (Configuration) 10 gen 2013 15:46:30,874 - configuring from resource: /eu/cartsc/fermate/db/cfg/hibernate.cfg.xml
 INFO [main] (Configuration) 10 gen 2013 15:46:30,878 - Configuration resource: /eu/cartsc/fermate/db/cfg/hibernate.cfg.xml
 INFO [main] (Configuration) 10 gen 2013 15:46:31,148 - Configured SessionFactory: null
 INFO [main] (ConnectionFactory) 10 gen 2013 15:46:31,151 - il percorso del db è /eu/cartsc/fermate/properties/connessione.properties
 INFO [main] (HibernateSessionFactory) 10 gen 2013 15:46:31,152 - configuration.getProperty('hibernate.connection.url'): jdbc:mysql://cart38:3306/fermate
 INFO [main] (HibernateSessionFactory) 10 gen 2013 15:46:31,153 - configuration.getProperty('hibernate.connection.username'): root
 INFO [main] (HibernateSessionFactory) 10 gen 2013 15:46:31,153 - configuration.getProperty('hibernate.connection.password'): liera
 INFO [main] (HibernateSessionFactory) 10 gen 2013 15:46:31,154 - configuration.getProperty('hibernate.dialect'): org.hibernate.dialect.MySQLDialect
 INFO [main] (HibernateSessionFactory) 10 gen 2013 15:46:31,155 - configuration.getProperty('hibernate.connection.driver_class'): com.mysql.jdbc.Driver
 INFO [main] (AnnotationBinder) 10 gen 2013 15:46:31,261 - Binding entity from annotated class: eu.cartsc.fermate.db.Fermate
 INFO [main] (EntityBinder) 10 gen 2013 15:46:31,303 - Bind entity eu.cartsc.fermate.db.Fermate on table fermate
 INFO [main] (AnnotationBinder) 10 gen 2013 15:46:31,364 - Binding entity from annotated class: eu.cartsc.fermate.db.Operatore
 INFO [main] (EntityBinder) 10 gen 2013 15:46:31,365 - Bind entity eu.cartsc.fermate.db.Operatore on table operatore
 INFO [main] (Version) 10 gen 2013 15:46:31,376 - Hibernate Validator 3.1.0.GA
 INFO [main] (DriverManagerConnectionProvider) 10 gen 2013 15:46:31,461 - Using Hibernate built-in connection pool (not for production use!)
 INFO [main] (DriverManagerConnectionProvider) 10 gen 2013 15:46:31,462 - Hibernate connection pool size: 20
 INFO [main] (DriverManagerConnectionProvider) 10 gen 2013 15:46:31,462 - autocommit mode: false
 INFO [main] (DriverManagerConnectionProvider) 10 gen 2013 15:46:31,471 - using driver: com.mysql.jdbc.Driver at URL: jdbc:mysql://cart38:3306/fermate
 INFO [main] (DriverManagerConnectionProvider) 10 gen 2013 15:46:31,472 - connection properties: {user=root, password=****}
 INFO [main] (SettingsFactory) 10 gen 2013 15:46:31,742 - RDBMS: MySQL, version: 5.5.28-0ubuntu0.12.10.2
 INFO [main] (SettingsFactory) 10 gen 2013 15:46:31,743 - JDBC driver: MySQL-AB JDBC Driver, version: mysql-connector-java-5.1.8 ( Revision: ${svn.Revision} )
 INFO [main] (Dialect) 10 gen 2013 15:46:31,773 - Using dialect: org.hibernate.dialect.MySQLDialect
 INFO [main] (TransactionFactoryFactory) 10 gen 2013 15:46:31,778 - Using default transaction strategy (direct JDBC transactions)
 INFO [main] (TransactionManagerLookupFactory) 10 gen 2013 15:46:31,781 - No TransactionManagerLookup configured (in JTA environment, use of read-write or transactional second-level cache is not recommended)
 INFO [main] (SettingsFactory) 10 gen 2013 15:46:31,782 - Automatic flush during beforeCompletion(): disabled
 INFO [main] (SettingsFactory) 10 gen 2013 15:46:31,782 - Automatic session close at end of transaction: disabled
 INFO [main] (SettingsFactory) 10 gen 2013 15:46:31,783 - JDBC batch size: 15
 INFO [main] (SettingsFactory) 10 gen 2013 15:46:31,783 - JDBC batch updates for versioned data: disabled
 INFO [main] (SettingsFactory) 10 gen 2013 15:46:31,784 - Scrollable result sets: enabled
 INFO [main] (SettingsFactory) 10 gen 2013 15:46:31,785 - JDBC3 getGeneratedKeys(): enabled
 INFO [main] (SettingsFactory) 10 gen 2013 15:46:31,786 - Connection release mode: auto
 INFO [main] (SettingsFactory) 10 gen 2013 15:46:31,787 - Maximum outer join fetch depth: 2
 INFO [main] (SettingsFactory) 10 gen 2013 15:46:31,787 - Default batch fetch size: 1
 INFO [main] (SettingsFactory) 10 gen 2013 15:46:31,788 - Generate SQL with comments: disabled
 INFO [main] (SettingsFactory) 10 gen 2013 15:46:31,788 - Order SQL updates by primary key: disabled
 INFO [main] (SettingsFactory) 10 gen 2013 15:46:31,789 - Order SQL inserts for batching: disabled
 INFO [main] (SettingsFactory) 10 gen 2013 15:46:31,789 - Query translator: org.hibernate.hql.ast.ASTQueryTranslatorFactory
 INFO [main] (ASTQueryTranslatorFactory) 10 gen 2013 15:46:31,792 - Using ASTQueryTranslatorFactory
 INFO [main] (SettingsFactory) 10 gen 2013 15:46:31,793 - Query language substitutions: {}
 INFO [main] (SettingsFactory) 10 gen 2013 15:46:31,793 - JPA-QL strict compliance: disabled
 INFO [main] (SettingsFactory) 10 gen 2013 15:46:31,794 - Second-level cache: enabled
 INFO [main] (SettingsFactory) 10 gen 2013 15:46:31,794 - Query cache: disabled
 INFO [main] (SettingsFactory) 10 gen 2013 15:46:31,795 - Cache region factory : org.hibernate.cache.impl.NoCachingRegionFactory
 INFO [main] (SettingsFactory) 10 gen 2013 15:46:31,795 - Optimize cache for minimal puts: disabled
 INFO [main] (SettingsFactory) 10 gen 2013 15:46:31,796 - Structured second-level cache entries: disabled
 INFO [main] (SettingsFactory) 10 gen 2013 15:46:31,801 - Statistics: disabled
 INFO [main] (SettingsFactory) 10 gen 2013 15:46:31,802 - Deleted entity synthetic identifier rollback: disabled
 INFO [main] (SettingsFactory) 10 gen 2013 15:46:31,802 - Default entity-mode: pojo
 INFO [main] (SettingsFactory) 10 gen 2013 15:46:31,803 - Named query checking : enabled
 INFO [main] (Version) 10 gen 2013 15:46:31,833 - Hibernate Search 3.0.0.GA
 INFO [main] (SessionFactoryImpl) 10 gen 2013 15:46:31,911 - building session factory
 INFO [main] (SessionFactoryObjectFactory) 10 gen 2013 15:46:32,106 - Not binding factory to JNDI, no JNDI name configured
 INFO [main] (SchemaUpdate) 10 gen 2013 15:46:32,112 - Running hbm2ddl schema update
 INFO [main] (SchemaUpdate) 10 gen 2013 15:46:32,113 - fetching database metadata
 INFO [main] (SchemaUpdate) 10 gen 2013 15:46:32,115 - updating schema
 INFO [main] (TableMetadata) 10 gen 2013 15:46:32,151 - table found: fermate.fermate
 INFO [main] (TableMetadata) 10 gen 2013 15:46:32,152 - columns: [descrizione, idimei, idaut, indirizzo, data, nomefermata]
 INFO [main] (TableMetadata) 10 gen 2013 15:46:32,153 - foreign keys: []
 INFO [main] (TableMetadata) 10 gen 2013 15:46:32,154 - indexes: [primary]
 INFO [main] (TableMetadata) 10 gen 2013 15:46:32,174 - table found: fermate.operatore
 INFO [main] (TableMetadata) 10 gen 2013 15:46:32,175 - columns: [idimei, anagrafica]
 INFO [main] (TableMetadata) 10 gen 2013 15:46:32,176 - foreign keys: []
 INFO [main] (TableMetadata) 10 gen 2013 15:46:32,177 - indexes: [primary]
 INFO [main] (SchemaUpdate) 10 gen 2013 15:46:32,178 - schema update complete
]]></system-out>
  <system-err><![CDATA[SLF4J: Class path contains multiple SLF4J bindings.
SLF4J: Found binding in [jar:file:/archivio/deploy/lib/slf4j1.1/slf4j-log4j12-1.5.8.jar!/org/slf4j/impl/StaticLoggerBinder.class]
SLF4J: Found binding in [jar:file:/archivio/deploy/lib/hibernate/required/slf4j-log4j12-1.5.8.jar!/org/slf4j/impl/StaticLoggerBinder.class]
SLF4J: Found binding in [jar:file:/archivio/deploy/lib/jwebunit/slf4j-log4j12-1.5.0.jar!/org/slf4j/impl/StaticLoggerBinder.class]
SLF4J: Found binding in [jar:file:/home/matteo/opt/wspaceJuno/eu.cartsc.fermate.db/lib/slf4j-log4j12-1.5.8.jar!/org/slf4j/impl/StaticLoggerBinder.class]
SLF4J: See http://www.slf4j.org/codes.html#multiple_bindings for an explanation.
log4j:WARN No appenders could be found for logger (eu.cartsc.fermate.db.OperatoreDAO).
log4j:WARN Please initialize the log4j system properly.
log4j:ERROR Could not find value for key log4j.appender.report
log4j:ERROR Could not instantiate appender named "report".
]]></system-err>
</testsuite>
